#
# There is insufficient memory for the Java Runtime Environment to continue.
# Native memory allocation (malloc) failed to allocate 1350256 bytes for Chunk::new
# Possible reasons:
#   The system is out of physical RAM or swap space
#   The process is running with CompressedOops enabled, and the Java Heap may be blocking the growth of the native heap
# Possible solutions:
#   Reduce memory load on the system
#   Increase physical memory or swap space
#   Check if swap backing store is full
#   Decrease Java heap size (-Xmx/-Xms)
#   Decrease number of Java threads
#   Decrease Java thread stack sizes (-Xss)
#   Set larger code cache with -XX:ReservedCodeCacheSize=
#   JVM is running with Unscaled Compressed Oops mode in which the Java heap is
#     placed in the first 4GB address space. The Java Heap base address is the
#     maximum limit for the native heap growth. Please use -XX:HeapBaseMinAddress
#     to set the Java Heap base and to place the Java Heap above 4GB virtual address.
# This output file may be truncated or incomplete.
#
#  Out of Memory Error (allocation.cpp:389), pid=10700, tid=0x0000000000000498
#
# JRE version: OpenJDK Runtime Environment (8.0_202-b03) (build 1.8.0_202-release-1483-b03)
# Java VM: OpenJDK 64-Bit Server VM (25.202-b03 mixed mode windows-amd64 compressed oops)
# Failed to write core dump. Minidumps are not enabled by default on client versions of Windows
#

---------------  T H R E A D  ---------------

Current thread (0x000000001816d800):  JavaThread "C2 CompilerThread0" daemon [_thread_in_native, id=1176, stack(0x0000000018a60000,0x0000000018b60000)]

Stack: [0x0000000018a60000,0x0000000018b60000]
[error occurred during error reporting (printing stack bounds), id 0xc0000005]

Native frames: (J=compiled Java code, j=interpreted, Vv=VM code, C=native code)


Current CompileTask:
C2:1046008 19374       4       org.gradle.api.internal.artifacts.ivyservice.resolveengine.artifact.ResolvedArtifactsGraphVisitor::getArtifacts (197 bytes)


---------------  P R O C E S S  ---------------

Java Threads: ( => current thread )
  0x000000001d484000 JavaThread "Cache worker for Build Output Cleanup Cache (D:\NIJAS\Project\ARSpace\.gradle\buildOutputCleanup)" [_thread_blocked, id=11552, stack(0x00000000289d0000,0x0000000028ad0000)]
  0x000000001d48a000 JavaThread "Build operations Thread 8" [_thread_blocked, id=13692, stack(0x00000000288d0000,0x00000000289d0000)]
  0x000000001d482800 JavaThread "Build operations Thread 7" [_thread_blocked, id=8140, stack(0x00000000287d0000,0x00000000288d0000)]
  0x000000001d482000 JavaThread "Build operations Thread 6" [_thread_blocked, id=8076, stack(0x0000000027a80000,0x0000000027b80000)]
  0x000000001d488800 JavaThread "Build operations Thread 5" [_thread_blocked, id=5600, stack(0x0000000027780000,0x0000000027880000)]
  0x000000001d487000 JavaThread "Build operations Thread 4" [_thread_blocked, id=8380, stack(0x0000000027680000,0x0000000027780000)]
  0x000000001d481000 JavaThread "Build operations Thread 3" [_thread_blocked, id=2712, stack(0x0000000027580000,0x0000000027680000)]
  0x000000001d486800 JavaThread "Build operations Thread 2" [_thread_blocked, id=1388, stack(0x0000000027480000,0x0000000027580000)]
  0x000000001efc4800 JavaThread "Build operations" [_thread_blocked, id=13124, stack(0x0000000023630000,0x0000000023730000)]
  0x000000001efc4000 JavaThread "Cache worker for cache directory md-rule (C:\Users\USER\.gradle\caches\5.4.1\md-rule)" [_thread_blocked, id=9280, stack(0x0000000023530000,0x0000000023630000)]
  0x000000001efbc800 JavaThread "Cache worker for cache directory md-supplier (C:\Users\USER\.gradle\caches\5.4.1\md-supplier)" [_thread_blocked, id=4212, stack(0x0000000022a30000,0x0000000022b30000)]
  0x000000001efc3000 JavaThread "Cache worker for file hash cache (D:\NIJAS\Project\ARSpace\.gradle\5.4.1\fileHashes)" [_thread_blocked, id=9976, stack(0x0000000020e60000,0x0000000020f60000)]
  0x000000001efc1000 JavaThread "Thread-211" [_thread_in_Java, id=1804, stack(0x000000001fb20000,0x000000001fc20000)]
  0x000000001efc0000 JavaThread "Stdin handler" [_thread_blocked, id=3380, stack(0x000000001f220000,0x000000001f320000)]
  0x000000001efc2800 JavaThread "Asynchronous log dispatcher for DefaultDaemonConnection: socket connection from /127.0.0.1:54161 to /127.0.0.1:54392" [_thread_in_Java, id=2232, stack(0x000000001bab0000,0x000000001bbb0000)]
  0x000000001efc1800 JavaThread "Cancel handler" [_thread_blocked, id=13428, stack(0x000000001b6b0000,0x000000001b7b0000)]
  0x000000001efbf800 JavaThread "Handler for socket connection from /127.0.0.1:54161 to /127.0.0.1:54392" [_thread_in_native, id=14164, stack(0x000000001b5b0000,0x000000001b6b0000)]
  0x000000001efba000 JavaThread "Daemon worker Thread 4" [_thread_in_native, id=12332, stack(0x000000001b7b0000,0x000000001b8b0000)]
  0x000000001efb8800 JavaThread "Daemon Thread 4" [_thread_blocked, id=4660, stack(0x0000000000a20000,0x0000000000b20000)]
  0x000000001efb8000 JavaThread "Memory manager" [_thread_blocked, id=9996, stack(0x000000001b9b0000,0x000000001bab0000)]
  0x000000001bc93000 JavaThread "Cache worker for execution history cache (C:\Users\USER\.gradle\caches\5.4.1\executionHistory)" [_thread_blocked, id=11484, stack(0x0000000020f60000,0x0000000021060000)]
  0x00000000199f8000 JavaThread "Cache worker for journal cache (C:\Users\USER\.gradle\caches\journal-1)" [_thread_blocked, id=2208, stack(0x000000001cd80000,0x000000001ce80000)]
  0x00000000199f9800 JavaThread "File lock request listener" [_thread_in_native, id=416, stack(0x000000001cc80000,0x000000001cd80000)]
  0x00000000199f7800 JavaThread "Cache worker for file hash cache (C:\Users\USER\.gradle\caches\5.4.1\fileHashes)" [_thread_blocked, id=10588, stack(0x000000001cb80000,0x000000001cc80000)]
  0x000000001930b000 JavaThread "Daemon periodic checks" [_thread_blocked, id=7076, stack(0x000000001b0b0000,0x000000001b1b0000)]
  0x00000000192ed000 JavaThread "Incoming local TCP Connector on port 54161" [_thread_in_native, id=13384, stack(0x000000001ae70000,0x000000001af70000)]
  0x0000000019efe000 JavaThread "Daemon health stats" [_thread_blocked, id=9268, stack(0x000000001a830000,0x000000001a930000)]
  0x000000001637e800 JavaThread "Service Thread" daemon [_thread_blocked, id=1472, stack(0x0000000018e60000,0x0000000018f60000)]
  0x000000001817c000 JavaThread "C1 CompilerThread3" daemon [_thread_blocked, id=13256, stack(0x0000000018d60000,0x0000000018e60000)]
  0x000000001637a000 JavaThread "C2 CompilerThread2" daemon [_thread_in_native, id=6908, stack(0x0000000018c60000,0x0000000018d60000)]
  0x0000000018170800 JavaThread "C2 CompilerThread1" daemon [_thread_blocked, id=13528, stack(0x0000000018b60000,0x0000000018c60000)]
=>0x000000001816d800 JavaThread "C2 CompilerThread0" daemon [_thread_in_native, id=1176, stack(0x0000000018a60000,0x0000000018b60000)]
  0x000000001816c000 JavaThread "Attach Listener" daemon [_thread_blocked, id=13544, stack(0x0000000018960000,0x0000000018a60000)]
  0x0000000018168800 JavaThread "Signal Dispatcher" daemon [_thread_blocked, id=5196, stack(0x0000000018860000,0x0000000018960000)]
  0x00000000025ae000 JavaThread "Finalizer" daemon [_thread_blocked, id=13020, stack(0x0000000018640000,0x0000000018740000)]
  0x00000000025a5000 JavaThread "Reference Handler" daemon [_thread_blocked, id=5376, stack(0x0000000018540000,0x0000000018640000)]
  0x0000000000b8e000 JavaThread "main" [_thread_blocked, id=8936, stack(0x00000000023a0000,0x00000000024a0000)]

Other Threads:
  0x0000000016368000 VMThread [stack: 0x0000000018040000,0x0000000018140000] [id=14228]
  0x000000001821a800 WatcherThread [stack: 0x0000000018f60000,0x0000000019060000] [id=12552]

VM state:not at safepoint (normal execution)

VM Mutex/Monitor currently owned by a thread: None

heap address: 0x00000000a0000000, size: 1536 MB, Compressed Oops mode: 32-bit
Narrow klass base: 0x0000000000000000, Narrow klass shift: 3
Compressed class space size: 1073741824 Address: 0x0000000100000000

Heap:
 PSYoungGen      total 478720K, used 371467K [0x00000000e0000000, 0x0000000100000000, 0x0000000100000000)
  eden space 435712K, 77% used [0x00000000e0000000,0x00000000f4b65ae8,0x00000000fa980000)
  from space 43008K, 74% used [0x00000000fa980000,0x00000000fc8dd3e0,0x00000000fd380000)
  to   space 45568K, 0% used [0x00000000fd380000,0x00000000fd380000,0x0000000100000000)
 ParOldGen       total 199168K, used 66123K [0x00000000a0000000, 0x00000000ac280000, 0x00000000e0000000)
  object space 199168K, 33% used [0x00000000a0000000,0x00000000a4092cf0,0x00000000ac280000)
 Metaspace       used 104052K, capacity 110560K, committed 110784K, reserved 1146880K
  class space    used 13098K, capacity 14253K, committed 14312K, reserved 1048576K

Card table byte_map: [0x0000000011970000,0x0000000011c80000] byte_map_base: 0x0000000011470000

Marking Bits: (ParMarkBitMap*) 0x0000000051bc9f30
 Begin Bits: [0x0000000012680000, 0x0000000013e80000)
 End Bits:   [0x0000000013e80000, 0x0000000015680000)

Polling page: 0x00000000003f0000

CodeCache: size=245760Kb used=56619Kb max_used=56630Kb free=189140Kb
 bounds [0x00000000025b0000, 0x0000000005d60000, 0x00000000115b0000]
 total_blobs=16464 nmethods=15603 adapters=773
 compilation: enabled

Compilation events (10 events):
Event: 1045.956 Thread 0x000000001817c000 nmethod 19420 0x0000000005d38450 code [0x0000000005d386c0, 0x0000000005d397f8]
Event: 1045.958 Thread 0x0000000018170800 nmethod 19416 0x0000000005d36c90 code [0x0000000005d36e40, 0x0000000005d37a78]
Event: 1045.959 Thread 0x000000001817c000 19422       3       com.android.build.gradle.internal.scope.BuildArtifactsHolder$FinalBuildableArtifact::get (5 bytes)
Event: 1045.960 Thread 0x000000001817c000 nmethod 19422 0x0000000005d2ae10 code [0x0000000005d2afe0, 0x0000000005d2b738]
Event: 1045.960 Thread 0x000000001817c000 19423       3       com.android.build.gradle.internal.scope.BuildArtifactsHolder$FinalBuildableArtifact::get (19 bytes)
Event: 1045.961 Thread 0x000000001817c000 nmethod 19423 0x0000000005d4dcd0 code [0x0000000005d4dea0, 0x0000000005d4e518]
Event: 1045.975 Thread 0x0000000018170800 19424       4       org.gradle.api.internal.artifacts.configurations.DefaultConfiguration_Decorated::getAttributes (37 bytes)
Event: 1045.976 Thread 0x0000000018170800 nmethod 19424 0x00000000032bacd0 code [0x00000000032bae00, 0x00000000032bae98]
Event: 1045.976 Thread 0x0000000018170800 19425       4       com.google.common.collect.LinkedHashMultimap$ValueSet::add (144 bytes)
Event: 1045.993 Thread 0x0000000018170800 nmethod 19425 0x0000000005d4ce50 code [0x0000000005d4cfe0, 0x0000000005d4d678]

GC Heap History (10 events):
Event: 504.117 GC heap before
{Heap before GC invocations=21 (full 3):
 PSYoungGen      total 381440K, used 381415K [0x00000000e0000000, 0x00000000fc800000, 0x0000000100000000)
  eden space 356352K, 100% used [0x00000000e0000000,0x00000000f5c00000,0x00000000f5c00000)
  from space 25088K, 99% used [0x00000000f5c00000,0x00000000f7479d30,0x00000000f7480000)
  to   space 35840K, 0% used [0x00000000fa500000,0x00000000fa500000,0x00000000fc800000)
 ParOldGen       total 134656K, used 58530K [0x00000000a0000000, 0x00000000a8380000, 0x00000000e0000000)
  object space 134656K, 43% used [0x00000000a0000000,0x00000000a3928830,0x00000000a8380000)
 Metaspace       used 85436K, capacity 89394K, committed 89688K, reserved 1128448K
  class space    used 10800K, capacity 11540K, committed 11648K, reserved 1048576K
Event: 504.139 GC heap after
Heap after GC invocations=21 (full 3):
 PSYoungGen      total 425984K, used 28773K [0x00000000e0000000, 0x00000000fca00000, 0x0000000100000000)
  eden space 390144K, 0% used [0x00000000e0000000,0x00000000e0000000,0x00000000f7d00000)
  from space 35840K, 80% used [0x00000000fa500000,0x00000000fc119690,0x00000000fc800000)
  to   space 39424K, 0% used [0x00000000f7d00000,0x00000000f7d00000,0x00000000fa380000)
 ParOldGen       total 134656K, used 58546K [0x00000000a0000000, 0x00000000a8380000, 0x00000000e0000000)
  object space 134656K, 43% used [0x00000000a0000000,0x00000000a392c830,0x00000000a8380000)
 Metaspace       used 85436K, capacity 89394K, committed 89688K, reserved 1128448K
  class space    used 10800K, capacity 11540K, committed 11648K, reserved 1048576K
}
Event: 505.721 GC heap before
{Heap before GC invocations=22 (full 3):
 PSYoungGen      total 425984K, used 178034K [0x00000000e0000000, 0x00000000fca00000, 0x0000000100000000)
  eden space 390144K, 38% used [0x00000000e0000000,0x00000000e91c3540,0x00000000f7d00000)
  from space 35840K, 80% used [0x00000000fa500000,0x00000000fc119690,0x00000000fc800000)
  to   space 39424K, 0% used [0x00000000f7d00000,0x00000000f7d00000,0x00000000fa380000)
 ParOldGen       total 134656K, used 58546K [0x00000000a0000000, 0x00000000a8380000, 0x00000000e0000000)
  object space 134656K, 43% used [0x00000000a0000000,0x00000000a392c830,0x00000000a8380000)
 Metaspace       used 93849K, capacity 98366K, committed 98496K, reserved 1134592K
  class space    used 12048K, capacity 12929K, committed 13032K, reserved 1048576K
Event: 505.757 GC heap after
Heap after GC invocations=22 (full 3):
 PSYoungGen      total 429568K, used 39222K [0x00000000e0000000, 0x0000000100000000, 0x0000000100000000)
  eden space 390144K, 0% used [0x00000000e0000000,0x00000000e0000000,0x00000000f7d00000)
  from space 39424K, 99% used [0x00000000f7d00000,0x00000000fa34daa8,0x00000000fa380000)
  to   space 45568K, 0% used [0x00000000fd380000,0x00000000fd380000,0x0000000100000000)
 ParOldGen       total 134656K, used 58554K [0x00000000a0000000, 0x00000000a8380000, 0x00000000e0000000)
  object space 134656K, 43% used [0x00000000a0000000,0x00000000a392e830,0x00000000a8380000)
 Metaspace       used 93849K, capacity 98366K, committed 98496K, reserved 1134592K
  class space    used 12048K, capacity 12929K, committed 13032K, reserved 1048576K
}
Event: 505.757 GC heap before
{Heap before GC invocations=23 (full 4):
 PSYoungGen      total 429568K, used 39222K [0x00000000e0000000, 0x0000000100000000, 0x0000000100000000)
  eden space 390144K, 0% used [0x00000000e0000000,0x00000000e0000000,0x00000000f7d00000)
  from space 39424K, 99% used [0x00000000f7d00000,0x00000000fa34daa8,0x00000000fa380000)
  to   space 45568K, 0% used [0x00000000fd380000,0x00000000fd380000,0x0000000100000000)
 ParOldGen       total 134656K, used 58554K [0x00000000a0000000, 0x00000000a8380000, 0x00000000e0000000)
  object space 134656K, 43% used [0x00000000a0000000,0x00000000a392e830,0x00000000a8380000)
 Metaspace       used 93849K, capacity 98366K, committed 98496K, reserved 1134592K
  class space    used 12048K, capacity 12929K, committed 13032K, reserved 1048576K
Event: 505.922 GC heap after
Heap after GC invocations=23 (full 4):
 PSYoungGen      total 429568K, used 0K [0x00000000e0000000, 0x0000000100000000, 0x0000000100000000)
  eden space 390144K, 0% used [0x00000000e0000000,0x00000000e0000000,0x00000000f7d00000)
  from space 39424K, 0% used [0x00000000f7d00000,0x00000000f7d00000,0x00000000fa380000)
  to   space 45568K, 0% used [0x00000000fd380000,0x00000000fd380000,0x0000000100000000)
 ParOldGen       total 199168K, used 66107K [0x00000000a0000000, 0x00000000ac280000, 0x00000000e0000000)
  object space 199168K, 33% used [0x00000000a0000000,0x00000000a408ecf0,0x00000000ac280000)
 Metaspace       used 93710K, capacity 98008K, committed 98496K, reserved 1134592K
  class space    used 12006K, capacity 12872K, committed 13032K, reserved 1048576K
}
Event: 508.648 GC heap before
{Heap before GC invocations=24 (full 4):
 PSYoungGen      total 429568K, used 390144K [0x00000000e0000000, 0x0000000100000000, 0x0000000100000000)
  eden space 390144K, 100% used [0x00000000e0000000,0x00000000f7d00000,0x00000000f7d00000)
  from space 39424K, 0% used [0x00000000f7d00000,0x00000000f7d00000,0x00000000fa380000)
  to   space 45568K, 0% used [0x00000000fd380000,0x00000000fd380000,0x0000000100000000)
 ParOldGen       total 199168K, used 66107K [0x00000000a0000000, 0x00000000ac280000, 0x00000000e0000000)
  object space 199168K, 33% used [0x00000000a0000000,0x00000000a408ecf0,0x00000000ac280000)
 Metaspace       used 96034K, capacity 100426K, committed 100800K, reserved 1136640K
  class space    used 12255K, capacity 13135K, committed 13288K, reserved 1048576K
Event: 508.668 GC heap after
Heap after GC invocations=24 (full 4):
 PSYoungGen      total 481280K, used 17371K [0x00000000e0000000, 0x0000000100000000, 0x0000000100000000)
  eden space 435712K, 0% used [0x00000000e0000000,0x00000000e0000000,0x00000000fa980000)
  from space 45568K, 38% used [0x00000000fd380000,0x00000000fe476d08,0x0000000100000000)
  to   space 43008K, 0% used [0x00000000fa980000,0x00000000fa980000,0x00000000fd380000)
 ParOldGen       total 199168K, used 66115K [0x00000000a0000000, 0x00000000ac280000, 0x00000000e0000000)
  object space 199168K, 33% used [0x00000000a0000000,0x00000000a4090cf0,0x00000000ac280000)
 Metaspace       used 96034K, capacity 100426K, committed 100800K, reserved 1136640K
  class space    used 12255K, capacity 13135K, committed 13288K, reserved 1048576K
}
Event: 918.922 GC heap before
{Heap before GC invocations=25 (full 4):
 PSYoungGen      total 481280K, used 453083K [0x00000000e0000000, 0x0000000100000000, 0x0000000100000000)
  eden space 435712K, 100% used [0x00000000e0000000,0x00000000fa980000,0x00000000fa980000)
  from space 45568K, 38% used [0x00000000fd380000,0x00000000fe476d08,0x0000000100000000)
  to   space 43008K, 0% used [0x00000000fa980000,0x00000000fa980000,0x00000000fd380000)
 ParOldGen       total 199168K, used 66115K [0x00000000a0000000, 0x00000000ac280000, 0x00000000e0000000)
  object space 199168K, 33% used [0x00000000a0000000,0x00000000a4090cf0,0x00000000ac280000)
 Metaspace       used 101739K, capacity 106892K, committed 106944K, reserved 1142784K
  class space    used 12777K, capacity 13749K, committed 13800K, reserved 1048576K
Event: 918.958 GC heap after
Heap after GC invocations=25 (full 4):
 PSYoungGen      total 478720K, used 32116K [0x00000000e0000000, 0x0000000100000000, 0x0000000100000000)
  eden space 435712K, 0% used [0x00000000e0000000,0x00000000e0000000,0x00000000fa980000)
  from space 43008K, 74% used [0x00000000fa980000,0x00000000fc8dd3e0,0x00000000fd380000)
  to   space 45568K, 0% used [0x00000000fd380000,0x00000000fd380000,0x0000000100000000)
 ParOldGen       total 199168K, used 66123K [0x00000000a0000000, 0x00000000ac280000, 0x00000000e0000000)
  object space 199168K, 33% used [0x00000000a0000000,0x00000000a4092cf0,0x00000000ac280000)
 Metaspace       used 101739K, capacity 106892K, committed 106944K, reserved 1142784K
  class space    used 12777K, capacity 13749K, committed 13800K, reserved 1048576K
}

Deoptimization events (10 events):
Event: 983.940 Thread 0x000000001efba000 Uncommon trap: reason=class_check action=maybe_recompile pc=0x00000000027dfa08 method=java.lang.Character.codePointAt(Ljava/lang/CharSequence;I)I @ 2
Event: 983.940 Thread 0x000000001efba000 Uncommon trap: reason=class_check action=maybe_recompile pc=0x0000000002df8aec method=java.lang.Character.codePointAt(Ljava/lang/CharSequence;I)I @ 2
Event: 983.940 Thread 0x000000001efba000 Uncommon trap: reason=class_check action=maybe_recompile pc=0x0000000002e76ecc method=java.util.regex.Pattern$BmpCharProperty.match(Ljava/util/regex/Matcher;ILjava/lang/CharSequence;)Z @ 11
Event: 983.940 Thread 0x000000001efba000 Uncommon trap: reason=class_check action=maybe_recompile pc=0x0000000002e76ecc method=java.util.regex.Pattern$BmpCharProperty.match(Ljava/util/regex/Matcher;ILjava/lang/CharSequence;)Z @ 11
Event: 983.940 Thread 0x000000001efba000 Uncommon trap: reason=unstable_if action=reinterpret pc=0x00000000034502b8 method=java.util.regex.Pattern$Curly.match(Ljava/util/regex/Matcher;ILjava/lang/CharSequence;)Z @ 63
Event: 983.941 Thread 0x000000001efba000 Uncommon trap: reason=class_check action=maybe_recompile pc=0x0000000002e76ecc method=java.util.regex.Pattern$BmpCharProperty.match(Ljava/util/regex/Matcher;ILjava/lang/CharSequence;)Z @ 11
Event: 983.941 Thread 0x000000001efba000 Uncommon trap: reason=class_check action=maybe_recompile pc=0x0000000002e76ecc method=java.util.regex.Pattern$BmpCharProperty.match(Ljava/util/regex/Matcher;ILjava/lang/CharSequence;)Z @ 11
Event: 983.941 Thread 0x000000001efba000 Uncommon trap: reason=class_check action=maybe_recompile pc=0x0000000002edc770 method=java.util.regex.Matcher.getSubSequence(II)Ljava/lang/CharSequence; @ 6
Event: 983.942 Thread 0x000000001efba000 Uncommon trap: reason=class_check action=maybe_recompile pc=0x0000000002edc770 method=java.util.regex.Matcher.getSubSequence(II)Ljava/lang/CharSequence; @ 6
Event: 983.942 Thread 0x000000001efba000 Uncommon trap: reason=class_check action=maybe_recompile pc=0x0000000002edc770 method=java.util.regex.Matcher.getSubSequence(II)Ljava/lang/CharSequence; @ 6

Classes redefined (0 events):
No events

Internal exceptions (10 events):
Event: 1022.102 Thread 0x000000001efba000 Exception <a 'java/lang/ClassNotFoundException': org/jetbrains/plugins/gradle/tooling/builder/ModelBuildScriptClasspathBuilderImplBeanInfo> (0x00000000ef1dfd58) thrown at [D:\src\AOSP-openjdk-cygwin\jdk8u\hotspot\src\share\vm\classfile\systemDictionary.cp
Event: 1022.110 Thread 0x000000001efba000 Exception <a 'java/lang/ClassNotFoundException': org/jetbrains/plugins/gradle/tooling/builder/ModelBuildScriptClasspathBuilderImplCustomizer> (0x00000000ef1ec848) thrown at [D:\src\AOSP-openjdk-cygwin\jdk8u\hotspot\src\share\vm\classfile\systemDictionary.
Event: 1028.171 Thread 0x000000001efba000 Exception <a 'java/lang/ClassNotFoundException': build_9zkzpargxyx400hnea1x53s1uBeanInfo> (0x00000000f00c0c50) thrown at [D:\src\AOSP-openjdk-cygwin\jdk8u\hotspot\src\share\vm\classfile\systemDictionary.cpp, line 210]
Event: 1028.183 Thread 0x000000001efba000 Exception <a 'java/lang/ClassNotFoundException': build_9zkzpargxyx400hnea1x53s1uCustomizer> (0x00000000f00cc7b8) thrown at [D:\src\AOSP-openjdk-cygwin\jdk8u\hotspot\src\share\vm\classfile\systemDictionary.cpp, line 210]
Event: 1034.340 Thread 0x000000001efba000 Exception <a 'java/lang/ClassNotFoundException': build_9zkzpargxyx400hnea1x53s1u$_run_closure1$_closure4BeanInfo> (0x00000000f02d9b80) thrown at [D:\src\AOSP-openjdk-cygwin\jdk8u\hotspot\src\share\vm\classfile\systemDictionary.cpp, line 210]
Event: 1034.405 Thread 0x000000001efba000 Exception <a 'java/lang/ClassNotFoundException': build_9zkzpargxyx400hnea1x53s1u$_run_closure1$_closure4Customizer> (0x00000000f02e9140) thrown at [D:\src\AOSP-openjdk-cygwin\jdk8u\hotspot\src\share\vm\classfile\systemDictionary.cpp, line 210]
Event: 1035.000 Thread 0x000000001efba000 Exception <a 'java/lang/ClassNotFoundException': build_9zkzpargxyx400hnea1x53s1u$_run_closure1BeanInfo> (0x00000000f0310820) thrown at [D:\src\AOSP-openjdk-cygwin\jdk8u\hotspot\src\share\vm\classfile\systemDictionary.cpp, line 210]
Event: 1035.120 Thread 0x000000001efba000 Exception <a 'java/lang/ClassNotFoundException': build_9zkzpargxyx400hnea1x53s1u$_run_closure1Customizer> (0x00000000f031f1e0) thrown at [D:\src\AOSP-openjdk-cygwin\jdk8u\hotspot\src\share\vm\classfile\systemDictionary.cpp, line 210]
Event: 1043.397 Thread 0x000000001efba000 Exception <a 'java/lang/ClassNotFoundException': org/jetbrains/plugins/gradle/tooling/util/SourceSetCachedFinderBeanInfo> (0x00000000f0dc3718) thrown at [D:\src\AOSP-openjdk-cygwin\jdk8u\hotspot\src\share\vm\classfile\systemDictionary.cpp, line 210]
Event: 1043.408 Thread 0x000000001efba000 Exception <a 'java/lang/ClassNotFoundException': org/jetbrains/plugins/gradle/tooling/util/SourceSetCachedFinderCustomizer> (0x00000000f0dd46e8) thrown at [D:\src\AOSP-openjdk-cygwin\jdk8u\hotspot\src\share\vm\classfile\systemDictionary.cpp, line 210]

Events (10 events):
Event: 1044.220 loading class com/android/java/model/impl/ArtifactModelImpl$Companion
Event: 1044.220 loading class com/android/java/model/impl/ArtifactModelImpl$Companion done
Event: 1044.250 loading class org/gradle/tooling/model/internal/ImmutableDomainObjectSet
Event: 1044.250 loading class org/gradle/tooling/model/internal/ImmutableDomainObjectSet done
Event: 1044.418 loading class org/jetbrains/kotlin/kapt/idea/KaptGradleModelImpl
Event: 1044.418 loading class org/jetbrains/kotlin/kapt/idea/KaptGradleModelImpl done
Event: 1044.625 Executing VM operation: RevokeBias
Event: 1044.632 Executing VM operation: RevokeBias done
Event: 1044.632 Executing VM operation: RevokeBias
Event: 1044.632 Executing VM operation: RevokeBias done


Dynamic libraries:
0x00007ff617dc0000 - 0x00007ff617df1000 	C:\Program Files\Android\Android Studio\jre\bin\java.exe
0x00007ffd9aef0000 - 0x00007ffd9b0e4000 	C:\WINDOWS\SYSTEM32\ntdll.dll
0x00007ffd999b0000 - 0x00007ffd99a6d000 	C:\WINDOWS\System32\KERNEL32.DLL
0x00007ffd989d0000 - 0x00007ffd98c97000 	C:\WINDOWS\System32\KERNELBASE.dll
0x00007ffd95f00000 - 0x00007ffd95f90000 	C:\WINDOWS\SYSTEM32\apphelp.dll
0x00007ffd9a9f0000 - 0x00007ffd9aa9a000 	C:\WINDOWS\System32\ADVAPI32.dll
0x00007ffd9a4d0000 - 0x00007ffd9a56e000 	C:\WINDOWS\System32\msvcrt.dll
0x00007ffd996a0000 - 0x00007ffd9973b000 	C:\WINDOWS\System32\sechost.dll
0x00007ffd9a620000 - 0x00007ffd9a743000 	C:\WINDOWS\System32\RPCRT4.dll
0x00007ffd9ad10000 - 0x00007ffd9aeb0000 	C:\WINDOWS\System32\USER32.dll
0x00007ffd989a0000 - 0x00007ffd989c2000 	C:\WINDOWS\System32\win32u.dll
0x00007ffd99fa0000 - 0x00007ffd99fca000 	C:\WINDOWS\System32\GDI32.dll
0x00007ffd98640000 - 0x00007ffd9874a000 	C:\WINDOWS\System32\gdi32full.dll
0x00007ffd98750000 - 0x00007ffd987ed000 	C:\WINDOWS\System32\msvcp_win.dll
0x00007ffd98e60000 - 0x00007ffd98f60000 	C:\WINDOWS\System32\ucrtbase.dll
0x00007ffd87bc0000 - 0x00007ffd87e5a000 	C:\WINDOWS\WinSxS\amd64_microsoft.windows.common-controls_6595b64144ccf1df_6.0.19041.1_none_b555e41d4684ddec\COMCTL32.dll
0x00007ffd9ace0000 - 0x00007ffd9ad10000 	C:\WINDOWS\System32\IMM32.DLL
0x0000000054210000 - 0x00000000542e2000 	C:\Program Files\Android\Android Studio\jre\jre\bin\msvcr100.dll
0x0000000051400000 - 0x0000000051c46000 	C:\Program Files\Android\Android Studio\jre\jre\bin\server\jvm.dll
0x00007ffd9abf0000 - 0x00007ffd9abf8000 	C:\WINDOWS\System32\PSAPI.DLL
0x00007ffd93ea0000 - 0x00007ffd93ea9000 	C:\WINDOWS\SYSTEM32\WSOCK32.dll
0x00007ffd883d0000 - 0x00007ffd883f7000 	C:\WINDOWS\SYSTEM32\WINMM.dll
0x00007ffd8a5c0000 - 0x00007ffd8a5ca000 	C:\WINDOWS\SYSTEM32\VERSION.dll
0x00007ffd9a330000 - 0x00007ffd9a39b000 	C:\WINDOWS\System32\WS2_32.dll
0x00007ffd93e50000 - 0x00007ffd93e5f000 	C:\Program Files\Android\Android Studio\jre\jre\bin\verify.dll
0x00007ffd93720000 - 0x00007ffd93749000 	C:\Program Files\Android\Android Studio\jre\jre\bin\java.dll
0x00007ffd93dc0000 - 0x00007ffd93dd6000 	C:\Program Files\Android\Android Studio\jre\jre\bin\zip.dll
0x00007ffd98f60000 - 0x00007ffd99694000 	C:\WINDOWS\System32\SHELL32.dll
0x00007ffd96790000 - 0x00007ffd96f1e000 	C:\WINDOWS\SYSTEM32\windows.storage.dll
0x00007ffd99fd0000 - 0x00007ffd9a323000 	C:\WINDOWS\System32\combase.dll
0x00007ffd98040000 - 0x00007ffd9806b000 	C:\WINDOWS\SYSTEM32\Wldp.dll
0x00007ffd9a940000 - 0x00007ffd9a9ee000 	C:\WINDOWS\System32\SHCORE.dll
0x00007ffd99a70000 - 0x00007ffd99ac5000 	C:\WINDOWS\System32\shlwapi.dll
0x00007ffd98580000 - 0x00007ffd9859f000 	C:\WINDOWS\SYSTEM32\profapi.dll
0x00007ffd93700000 - 0x00007ffd9371a000 	C:\Program Files\Android\Android Studio\jre\jre\bin\net.dll
0x00007ffd97de0000 - 0x00007ffd97e4a000 	C:\WINDOWS\system32\mswsock.dll
0x00007ffd932b0000 - 0x00007ffd932c1000 	C:\Program Files\Android\Android Studio\jre\jre\bin\nio.dll
0x00007ffd87fd0000 - 0x00007ffd87ff6000 	C:\Users\USER\.gradle\native\29\windows-amd64\native-platform.dll
0x00007ffd93e40000 - 0x00007ffd93e4d000 	C:\Program Files\Android\Android Studio\jre\jre\bin\management.dll
0x00007ffd98000000 - 0x00007ffd98018000 	C:\WINDOWS\SYSTEM32\CRYPTSP.dll
0x00007ffd97720000 - 0x00007ffd97754000 	C:\WINDOWS\system32\rsaenh.dll
0x00007ffd987f0000 - 0x00007ffd98817000 	C:\WINDOWS\System32\bcrypt.dll
0x00007ffd98540000 - 0x00007ffd9856e000 	C:\WINDOWS\SYSTEM32\USERENV.dll
0x00007ffd98920000 - 0x00007ffd9899f000 	C:\WINDOWS\System32\bcryptprimitives.dll
0x00007ffd97f60000 - 0x00007ffd97f6c000 	C:\WINDOWS\SYSTEM32\CRYPTBASE.dll
0x00007ffd97aa0000 - 0x00007ffd97adb000 	C:\WINDOWS\SYSTEM32\IPHLPAPI.DLL
0x00007ffd99910000 - 0x00007ffd99919000 	C:\WINDOWS\System32\NSI.dll
0x00007ffd90ea0000 - 0x00007ffd90eb7000 	C:\WINDOWS\SYSTEM32\dhcpcsvc6.DLL
0x00007ffd912c0000 - 0x00007ffd912dd000 	C:\WINDOWS\SYSTEM32\dhcpcsvc.DLL
0x00007ffd97ae0000 - 0x00007ffd97baa000 	C:\WINDOWS\SYSTEM32\DNSAPI.dll
0x00007ffd7abb0000 - 0x00007ffd7abd4000 	C:\Program Files\Android\Android Studio\jre\jre\bin\sunec.dll
0x00007ffd7f6a0000 - 0x00007ffd7f6aa000 	C:\Windows\System32\rasadhlp.dll
0x00007ffd8ad60000 - 0x00007ffd8addf000 	C:\WINDOWS\System32\fwpuclnt.dll
0x00007ffd93da0000 - 0x00007ffd93dab000 	C:\Program Files\Android\Android Studio\jre\jre\bin\sunmscapi.dll
0x00007ffd98ca0000 - 0x00007ffd98dfd000 	C:\WINDOWS\System32\CRYPT32.dll

VM Arguments:
jvm_args: -Xmx1536m -Dfile.encoding=windows-1252 -Duser.country=IN -Duser.language=en -Duser.variant 
java_command: org.gradle.launcher.daemon.bootstrap.GradleDaemon 5.4.1
java_class_path (initial): C:\Users\USER\.gradle\wrapper\dists\gradle-5.4.1-all\3221gyojl5jsh0helicew7rwx\gradle-5.4.1\lib\gradle-launcher-5.4.1.jar
Launcher Type: SUN_STANDARD

Environment Variables:
JAVA_HOME=C:\Program Files\Java
PATH=C:\Program Files (x86)\Intel\Intel(R) Management Engine Components\iCLS\;C:\Program Files\Intel\Intel(R) Management Engine Components\iCLS\;C:\Windows\system32;C:\Windows;C:\Windows\System32\Wbem;C:\Windows\System32\WindowsPowerShell\v1.0\;C:\Program Files (x86)\Intel\Intel(R) Management Engine Components\DAL;C:\Program Files\Intel\Intel(R) Management Engine Components\DAL;C:\Program Files (x86)\Intel\Intel(R) Management Engine Components\IPT;C:\Program Files\Intel\Intel(R) Management Engine Components\IPT;C:\Program Files (x86)\NVIDIA Corporation\PhysX\Common;C:\Program Files\Intel\WiFi\bin\;C:\Program Files\Common Files\Intel\WirelessCommon\;C:\WINDOWS\system32;C:\WINDOWS;C:\WINDOWS\System32\Wbem;C:\WINDOWS\System32\WindowsPowerShell\v1.0\;C:\WINDOWS\System32\OpenSSH\;C:\Program Files\NVIDIA Corporation\NVIDIA NvDLISR;C:\WINDOWS\system32;C:\WINDOWS;C:\WINDOWS\System32\Wbem;C:\WINDOWS\System32\WindowsPowerShell\v1.0\;C:\WINDOWS\System32\OpenSSH\;C:\Program Files\dotnet\;C:\Program Files\Java\jdk-11.0.7\bin;C:\Users\USER\AppData\Local\Programs\Python\Python38;C:\Program Files\Git\cmd;C:\Program Files\Git;C:\Users\USER\AppData\Local\Android\Sdk\platform-tools;C:\Program Files\kotlinc\bin;C:\Users\USER\AppData\Local\Programs\Python\Python38\Scripts\;C:\Users\USER\AppData\Local\Programs\Python\Python38\;C:\Users\USER\AppData\Local\Microsoft\WindowsApps;C:\Users\USER\AppData\Local\Programs\Microsoft VS Code\bin;;%USERPROFILE%\AppData\Local\Microsoft\WindowsApps
USERNAME=MNijaz47OP
OS=Windows_NT
PROCESSOR_IDENTIFIER=Intel64 Family 6 Model 158 Stepping 10, GenuineIntel



---------------  S Y S T E M  ---------------

OS: Windows 10.0 , 64 bit Build 19041 (10.0.19041.292)

CPU:total 8 (initial active 8) (4 cores per cpu, 2 threads per core) family 6 model 158 stepping 10, cmov, cx8, fxsr, mmx, sse, sse2, sse3, ssse3, sse4.1, sse4.2, popcnt, avx, avx2, aes, clmul, erms, 3dnowpref, lzcnt, ht, tsc, tscinvbit, bmi1, bmi2, adx

Memory: 4k page, physical 8240584k(365652k free), swap 23732036k(1056k free)

vm_info: OpenJDK 64-Bit Server VM (25.202-b03) for windows-amd64 JRE (1.8.0_202-release-1483-b03), built by "builder" with MS VC++ 10.0 (VS2010)

time: Fri Jul 17 20:56:26 2020
timezone: India Standard Time
elapsed time: 1046 seconds (0d 0h 17m 26s)

